-------------------------------------------------------------------------------
Test set: is.hi.hbv202g.assignment8.EmptyAuthorListExceptionTest
-------------------------------------------------------------------------------
Tests run: 1, Failures: 1, Errors: 0, Skipped: 0, Time elapsed: 0.064 s <<< FAILURE! -- in is.hi.hbv202g.assignment8.EmptyAuthorListExceptionTest
is.hi.hbv202g.assignment8.EmptyAuthorListExceptionTest.shouldThrowEmptyAuthorListExceptionWhenGettingAuthorFromEmptyList -- Time elapsed: 0.026 s <<< FAILURE!
org.opentest4j.AssertionFailedError: Expected is.hi.hbv202g.assignment8.EmptyAuthorListException to be thrown, but nothing was thrown.
	at org.junit.jupiter.api.AssertionFailureBuilder.build(AssertionFailureBuilder.java:152)
	at org.junit.jupiter.api.AssertThrows.assertThrows(AssertThrows.java:73)
	at org.junit.jupiter.api.AssertThrows.assertThrows(AssertThrows.java:35)
	at org.junit.jupiter.api.Assertions.assertThrows(Assertions.java:3128)
	at is.hi.hbv202g.assignment8.EmptyAuthorListExceptionTest.shouldThrowEmptyAuthorListExceptionWhenGettingAuthorFromEmptyList(EmptyAuthorListExceptionTest.java:11)
	at java.base/java.lang.reflect.Method.invoke(Method.java:580)
	at java.base/java.util.ArrayList.forEach(ArrayList.java:1596)
	at java.base/java.util.ArrayList.forEach(ArrayList.java:1596)

