<?xml version="1.0" encoding="UTF-8"?>
<testsuite xmlns:xsi="http://www.w3.org/2001/XMLSchema-instance" xsi:noNamespaceSchemaLocation="https://maven.apache.org/surefire/maven-surefire-plugin/xsd/surefire-test-report.xsd" version="3.0.1" name="is.hi.hbv202g.assignment8.LibrarySystemTest" time="0.025" tests="3" errors="0" skipped="0" failures="0">
  <properties>
[...]
</properties>
  <testcase name="shouldBePossibleToAddBookToLibrarySystem" classname="is.hi.hbv202g.assignment8.LibrarySystemTest" time="0.001"/>
  <testcase name="shouldBePossibleToAddUserToLibrarySystem" classname="is.hi.hbv202g.assignment8.LibrarySystemTest" time="0.006"/>
  <testcase name="shouldBePossibleToBorrowAndReturnBook" classname="is.hi.hbv202g.assignment8.LibrarySystemTest" time="0.0"/>
</testsuite>